Server D Started @ 2021-06-26 15:39:36,717
Report Suspicious Vehicle sent to controller @ 2021-06-26 15:41:12,722
Server D Started @ 2021-06-29 00:20:19,716
Report Suspicious Vehicle sent to controller @ 2021-06-29 00:22:21,732
Report Accident sent to controller @ 2021-06-29 00:24:39,740
Report Accident sent to controller @ 2021-06-29 00:26:32,750
Report Accident sent to controller @ 2021-06-29 00:28:42,760
Report Suspicious Vehicle sent to controller @ 2021-06-29 00:30:16,765
Report Suspicious Vehicle sent to controller @ 2021-06-29 00:32:35,770
Report Suspicious Vehicle sent to controller @ 2021-06-29 00:35:12,781
Report Accident sent to controller @ 2021-06-29 00:37:29,788
Report Suspicious Vehicle sent to controller @ 2021-06-29 00:39:37,802
Report Suspicious Vehicle sent to controller @ 2021-06-29 00:42:10,816
Report Suspicious Vehicle sent to controller @ 2021-06-29 00:44:24,828
Server A Started @ 2021-06-29 10:06:31,281
Report Accident sent to controller @ 2021-06-29 10:08:59,286
Server D Started @ 2021-06-29 10:09:30,813
Report Accident sent to controller @ 2021-06-29 10:11:24,823
Failed to communicate with Junction Controller @ 2021-06-29 10:11:48,018
Failed to communicate with Junction Controller @ 2021-06-29 10:11:59,638
Report Accident sent to controller @ 2021-06-29 10:12:58,835
Failed to communicate with Junction Controller @ 2021-06-29 10:13:00,262
Failed to communicate with Junction Controller @ 2021-06-29 10:13:02,914
Report Accident sent to controller @ 2021-06-29 10:14:37,841
Failed to communicate with Junction Controller @ 2021-06-29 10:14:41,912
Failed to communicate with Junction Controller @ 2021-06-29 10:14:46,609
Report Accident sent to controller @ 2021-06-29 10:16:07,845
Failed to communicate with Junction Controller @ 2021-06-29 10:16:11,937
Failed to communicate with Junction Controller @ 2021-06-29 10:16:32,980
Report Accident sent to controller @ 2021-06-29 10:17:46,854
Failed to communicate with Junction Controller @ 2021-06-29 10:17:50,924
Failed to communicate with Junction Controller @ 2021-06-29 10:18:19,315
Report Suspicious Vehicle sent to controller @ 2021-06-29 10:19:26,870
Failed to communicate with Junction Controller @ 2021-06-29 10:19:30,954
Failed to communicate with Junction Controller @ 2021-06-29 10:20:05,685
Report Suspicious Vehicle sent to controller @ 2021-06-29 10:20:57,883
Failed to communicate with Junction Controller @ 2021-06-29 10:21:01,950
Failed to communicate with Junction Controller @ 2021-06-29 10:21:52,048
Report Suspicious Vehicle sent to controller @ 2021-06-29 10:22:31,893
Failed to communicate with Junction Controller @ 2021-06-29 10:22:35,987
Failed to communicate with Junction Controller @ 2021-06-29 10:23:38,406
Report Accident sent to controller @ 2021-06-29 10:24:08,903
Report Suspicious Vehicle sent to controller @ 2021-06-29 10:25:41,910
Server D Started @ 2021-06-29 10:58:10,771
Report Accident sent to controller @ 2021-06-29 11:00:20,782
Report Suspicious Vehicle sent to controller @ 2021-06-29 11:02:20,796
Server D Started @ 2021-06-29 18:21:35,309
Report Accident sent to controller @ 2021-06-29 18:24:22,322
Server D Started @ 2021-06-29 18:25:37,689
Report Suspicious Vehicle sent to controller @ 2021-06-29 18:27:09,694
Report Accident sent to controller @ 2021-06-29 18:29:07,703
