

Server A Started @ 2021-06-30 13:50:38,177
Report Suspicious Vehicle sent to controller @ 2021-06-30 13:53:00,188
Report Suspicious Vehicle sent to controller @ 2021-06-30 13:55:57,193
Report Suspicious Vehicle sent to controller @ 2021-06-30 13:58:30,202
Report Suspicious Vehicle sent to controller @ 2021-06-30 14:01:30,205
Failed to communicate with Junction Controller @ 2021-06-30 14:01:32,088
Failed to communicate with Junction Controller @ 2021-06-30 14:01:34,297
Server A Started @ 2021-06-30 18:27:11,912
Failed to communicate with Junction Controller @ 2021-06-30 18:28:58,307
Server A Started @ 2021-06-30 18:29:53,746
Server A Started @ 2021-06-30 18:30:49,541
Failed to communicate with Junction Controller @ 2021-06-30 18:32:35,904
Report Accident sent to controller @ 2021-06-30 18:33:17,548
Failed to communicate with Junction Controller @ 2021-06-30 18:33:21,637
Report Accident sent to controller @ 2021-06-30 18:36:06,558
Server A Started @ 2021-07-01 00:03:47,690
Report Suspicious Vehicle sent to controller @ 2021-07-01 00:06:01,697
Server A Started @ 2021-07-01 00:08:13,187
Report Accident sent to controller @ 2021-07-01 00:09:59,199
Report Accident sent to controller @ 2021-07-01 00:11:36,206
Server A Started @ 2021-07-01 00:31:09,954
Server A Started @ 2021-07-01 00:31:44,543
Server A Started @ 2021-07-01 00:32:11,270
Server A Started @ 2021-07-01 00:46:16,668
Server A Started @ 2021-07-01 20:58:16,550

Server A Started @ 2021-07-01 00:03:47,731
Report Accident sent to controller @ 2021-07-01 00:05:31,737
Server A Started @ 2021-07-01 00:08:13,185
Report Suspicious Vehicle sent to controller @ 2021-07-01 00:10:34,187
Report Accident sent to controller @ 2021-07-01 00:12:49,201
Server A Started @ 2021-07-01 00:31:09,932
Server A Started @ 2021-07-01 00:31:44,533
Server A Started @ 2021-07-01 00:32:11,267
Report Accident sent to controller @ 2021-07-01 00:35:07,280
Report Accident sent to controller @ 2021-07-01 00:38:03,296
Report Suspicious Vehicle sent to controller @ 2021-07-01 00:39:38,304
Report Suspicious Vehicle sent to controller @ 2021-07-01 00:42:21,308
Server A Started @ 2021-07-01 00:46:16,656
Report Suspicious Vehicle sent to controller @ 2021-07-01 00:48:12,659
Report Accident sent to controller @ 2021-07-01 00:50:25,663
Server A Started @ 2021-07-01 20:58:16,544

Server A Started @ 2021-07-01 00:03:47,731
Report Suspicious Vehicle sent to controller @ 2021-07-01 00:05:38,745
Server A Started @ 2021-07-01 00:08:13,175
Report Suspicious Vehicle sent to controller @ 2021-07-01 00:10:43,185
Report Suspicious Vehicle sent to controller @ 2021-07-01 00:13:16,193
Failed to communicate with Junction Controller @ 2021-07-01 00:13:51,023
Failed to communicate with Junction Controller @ 2021-07-01 00:13:51,024
Failed to communicate with Junction Controller @ 2021-07-01 00:14:00,465
Failed to communicate with Junction Controller @ 2021-07-01 00:15:12,764
Report Accident sent to controller @ 2021-07-01 00:16:11,206
Failed to communicate with Junction Controller @ 2021-07-01 00:16:15,285
Server A Started @ 2021-07-01 00:31:09,935
Server A Started @ 2021-07-01 00:31:44,533
Server A Started @ 2021-07-01 00:32:11,258
Server A Started @ 2021-07-01 00:46:16,647
Report Accident sent to controller @ 2021-07-01 00:48:46,653
Report Accident sent to controller @ 2021-07-01 00:50:56,661
Server A Started @ 2021-07-01 20:58:16,538

Server D Started @ 2021-06-30 13:53:30,971
Report Suspicious Vehicle sent to controller @ 2021-06-30 13:55:56,976
Report Suspicious Vehicle sent to controller @ 2021-06-30 13:58:32,979
Report Suspicious Vehicle sent to controller @ 2021-06-30 14:01:31,995
Failed to communicate with Junction Controller @ 2021-06-30 14:01:36,100
Server A Started @ 2021-07-01 00:03:47,735
Report Suspicious Vehicle sent to controller @ 2021-07-01 00:06:26,736
Server A Started @ 2021-07-01 00:08:13,180
Report Suspicious Vehicle sent to controller @ 2021-07-01 00:10:14,187
Server A Started @ 2021-07-01 00:31:09,933
Server A Started @ 2021-07-01 00:31:44,513
Server A Started @ 2021-07-01 00:32:11,261
Report Suspicious Vehicle sent to controller @ 2021-07-01 00:34:28,276
Report Suspicious Vehicle sent to controller @ 2021-07-01 00:36:52,281
Report Suspicious Vehicle sent to controller @ 2021-07-01 00:39:17,286
Report Suspicious Vehicle sent to controller @ 2021-07-01 00:41:17,288
Server A Started @ 2021-07-01 00:46:16,656
Report Suspicious Vehicle sent to controller @ 2021-07-01 00:49:12,668
Report Suspicious Vehicle sent to controller @ 2021-07-01 00:51:50,676
Server A Started @ 2021-07-01 20:58:16,536
