

Server A Started @ 2021-06-30 08:30:19,445
Report Suspicious Vehicle sent to controller @ 2021-06-30 08:32:19,457
Report Suspicious Vehicle sent to controller @ 2021-06-30 08:34:04,466
Server A Started @ 2021-06-30 13:50:27,777
Server A Started @ 2021-06-30 13:52:03,224
Report Accident sent to controller @ 2021-06-30 13:55:01,227
Report Suspicious Vehicle sent to controller @ 2021-06-30 13:57:12,233
Report Accident sent to controller @ 2021-06-30 13:59:41,249
Failed to communicate with Junction Controller @ 2021-06-30 14:01:00,214
Failed to communicate with Junction Controller @ 2021-06-30 14:01:00,214
Failed to communicate with Junction Controller @ 2021-06-30 14:01:11,446
Failed to communicate with Junction Controller @ 2021-06-30 14:01:11,446
Failed to communicate with Junction Controller @ 2021-06-30 14:01:14,451
Failed to communicate with Junction Controller @ 2021-06-30 14:01:17,626
Failed to communicate with Junction Controller @ 2021-06-30 14:01:21,849
Failed to communicate with Junction Controller @ 2021-06-30 14:01:21,849
Server A Started @ 2021-06-30 14:17:32,433
Server A Started @ 2021-06-30 14:18:29,464
Report Accident sent to controller @ 2021-06-30 14:21:19,467
Report Suspicious Vehicle sent to controller @ 2021-06-30 14:23:14,481
Report Accident sent to controller @ 2021-06-30 14:25:43,498
Failed to communicate with Junction Controller @ 2021-06-30 14:27:04,976
Report Accident sent to controller @ 2021-06-30 14:27:31,505
Failed to communicate with Junction Controller @ 2021-06-30 14:27:35,599
Report Accident sent to controller @ 2021-06-30 14:30:03,510
Report Suspicious Vehicle sent to controller @ 2021-06-30 14:32:12,520
Report Accident sent to controller @ 2021-06-30 14:34:04,524
Report Accident sent to controller @ 2021-06-30 14:36:19,529
Report Accident sent to controller @ 2021-06-30 14:38:09,546
Report Accident sent to controller @ 2021-06-30 14:40:09,562
Report Suspicious Vehicle sent to controller @ 2021-06-30 14:42:02,573
Report Accident sent to controller @ 2021-06-30 14:44:17,586
Report Suspicious Vehicle sent to controller @ 2021-06-30 14:46:53,594
Report Suspicious Vehicle sent to controller @ 2021-06-30 14:49:19,600
Report Suspicious Vehicle sent to controller @ 2021-06-30 14:51:20,604
Report Accident sent to controller @ 2021-06-30 14:53:55,613
Report Accident sent to controller @ 2021-06-30 14:56:24,617
Report Accident sent to controller @ 2021-06-30 14:58:00,633
Report Suspicious Vehicle sent to controller @ 2021-06-30 15:00:21,645
Report Accident sent to controller @ 2021-06-30 15:02:32,648
Report Accident sent to controller @ 2021-06-30 15:04:52,658
Report Suspicious Vehicle sent to controller @ 2021-06-30 15:07:14,674
Report Accident sent to controller @ 2021-06-30 15:08:50,687
Report Suspicious Vehicle sent to controller @ 2021-06-30 15:11:01,692
Report Accident sent to controller @ 2021-06-30 15:13:29,707
Report Accident sent to controller @ 2021-06-30 15:15:32,711
Report Accident sent to controller @ 2021-06-30 15:17:40,717
Report Suspicious Vehicle sent to controller @ 2021-06-30 15:20:35,731
Report Accident sent to controller @ 2021-06-30 15:22:51,735
Report Accident sent to controller @ 2021-06-30 15:25:41,747
Report Suspicious Vehicle sent to controller @ 2021-06-30 15:28:15,759
Report Accident sent to controller @ 2021-06-30 15:30:11,776
Report Suspicious Vehicle sent to controller @ 2021-06-30 15:32:37,791
Report Accident sent to controller @ 2021-06-30 15:34:38,805
Report Suspicious Vehicle sent to controller @ 2021-06-30 15:37:25,814
Report Suspicious Vehicle sent to controller @ 2021-06-30 15:38:58,823
Report Accident sent to controller @ 2021-06-30 15:40:31,840
Report Accident sent to controller @ 2021-06-30 15:42:53,849
Report Accident sent to controller @ 2021-06-30 15:45:51,849
Report Accident sent to controller @ 2021-06-30 15:47:47,854
Report Suspicious Vehicle sent to controller @ 2021-06-30 15:49:20,860
Report Suspicious Vehicle sent to controller @ 2021-06-30 15:51:16,861
Report Suspicious Vehicle sent to controller @ 2021-06-30 15:52:54,866
Report Suspicious Vehicle sent to controller @ 2021-06-30 15:55:07,877
Report Suspicious Vehicle sent to controller @ 2021-06-30 15:56:55,895
Report Suspicious Vehicle sent to controller @ 2021-06-30 15:58:59,906
Report Accident sent to controller @ 2021-06-30 16:01:46,911
Server A Started @ 2021-06-30 16:03:39,132
Report Suspicious Vehicle sent to controller @ 2021-06-30 16:05:55,143
Report Accident sent to controller @ 2021-06-30 16:08:36,157
Failed to communicate with Junction Controller @ 2021-06-30 16:08:40,240
Failed to communicate with Junction Controller @ 2021-06-30 16:08:50,056
Report Suspicious Vehicle sent to controller @ 2021-06-30 16:10:27,171
Failed to communicate with Junction Controller @ 2021-06-30 16:12:18,725
Report Suspicious Vehicle sent to controller @ 2021-06-30 16:13:06,184
Failed to communicate with Junction Controller @ 2021-06-30 16:13:10,272
Failed to communicate with Junction Controller @ 2021-06-30 16:14:05,105
Report Suspicious Vehicle sent to controller @ 2021-06-30 16:15:39,198
Failed to communicate with Junction Controller @ 2021-06-30 16:17:33,780
Report Accident sent to controller @ 2021-06-30 16:18:39,201
Report Accident sent to controller @ 2021-06-30 16:20:30,212
Report Accident sent to controller @ 2021-06-30 16:22:44,215
Server A Started @ 2021-06-30 16:22:59,309
Report Suspicious Vehicle sent to controller @ 2021-06-30 16:24:37,314
Server A Started @ 2021-06-30 16:26:17,572
Server A Started @ 2021-06-30 16:27:54,428
Report Accident sent to controller @ 2021-06-30 16:30:01,435
Report Suspicious Vehicle sent to controller @ 2021-06-30 16:32:30,446
Report Accident sent to controller @ 2021-06-30 16:34:15,458
Report Accident sent to controller @ 2021-06-30 16:36:00,475
Server A Started @ 2021-07-01 00:02:54,831
Report Accident sent to controller @ 2021-07-01 00:05:28,846
Failed to communicate with Junction Controller @ 2021-07-01 00:05:32,936
Report Accident sent to controller @ 2021-07-01 00:06:59,861
Failed to communicate with Junction Controller @ 2021-07-01 00:07:03,940
Server A Started @ 2021-07-01 00:07:42,871
Report Accident sent to controller @ 2021-07-01 00:10:36,880
Report Suspicious Vehicle sent to controller @ 2021-07-01 00:12:22,883
Server A Started @ 2021-07-01 00:17:10,390
Report Accident sent to controller @ 2021-07-01 00:19:31,405
Report Suspicious Vehicle sent to controller @ 2021-07-01 00:21:18,414
Server A Started @ 2021-07-01 00:22:13,533
Server A Started @ 2021-07-01 00:23:19,411
Failed to communicate with Junction Controller @ 2021-07-01 00:25:05,794
Report Suspicious Vehicle sent to controller @ 2021-07-01 00:25:21,423
Failed to communicate with Junction Controller @ 2021-07-01 00:25:25,504
Server A Started @ 2021-07-01 00:25:51,764
Report Suspicious Vehicle sent to controller @ 2021-07-01 00:28:22,767
Failed to communicate with Junction Controller @ 2021-07-01 00:28:26,842
Server A Started @ 2021-07-01 00:29:56,345
Server A Started @ 2021-07-01 00:32:01,290
Report Suspicious Vehicle sent to controller @ 2021-07-01 00:34:33,296
Report Accident sent to controller @ 2021-07-01 00:37:04,306
Report Suspicious Vehicle sent to controller @ 2021-07-01 00:38:41,314
Report Suspicious Vehicle sent to controller @ 2021-07-01 00:40:41,325
Server A Started @ 2021-07-01 00:42:48,454
Report Accident sent to controller @ 2021-07-01 00:44:34,462
Server A Started @ 2021-07-01 00:46:09,455
Report Accident sent to controller @ 2021-07-01 00:49:01,468
Report Accident sent to controller @ 2021-07-01 00:51:25,483
Server A Started @ 2021-07-01 20:09:55,063
Server A Started @ 2021-07-01 20:11:45,448
Server A Started @ 2021-07-01 20:13:13,524
Server A Started @ 2021-07-01 20:23:43,868
Report Accident sent to controller @ 2021-07-01 20:25:42,873
Server A Started @ 2021-07-01 20:32:23,214
Server A Started @ 2021-07-01 20:33:28,971
Server A Started @ 2021-07-01 20:34:36,990
Server A Started @ 2021-07-01 20:34:44,301
Server A Started @ 2021-07-01 20:36:01,015
Server A Started @ 2021-07-01 20:37:11,201
Exception calling application: name 'logOutDir' is not defined @ 2021-07-01 20:37:16,676
Traceback (most recent call last):
  File "C:\Users\Vincent\AppData\Local\Programs\Python\Python39\lib\site-packages\grpc\_server.py", line 444, in _call_behavior
    response_or_iterator = behavior(argument, context)
  File "C:\Users\Vincent\Documents\GitHub\cloudRPC\Cloud_Prototype\JunctionA\communicator.py", line 94, in getLogs
    return assignment_prototype_pb2.logResponse(Content = dataContent,filename = logOutDir)
NameError: name 'logOutDir' is not defined
Server A Started @ 2021-07-01 20:38:19,642
Report Suspicious Vehicle sent to controller @ 2021-07-01 20:40:33,653
Server A Started @ 2021-07-01 20:42:30,940
Server A Started @ 2021-07-01 20:49:33,290
Server A Started @ 2021-07-01 20:51:50,237
Server A Started @ 2021-07-01 20:52:40,002

Server B Started @ 2021-06-30 08:30:33,899
Report Suspicious Vehicle sent to controller @ 2021-06-30 08:32:45,906
Server B Started @ 2021-06-30 16:19:36,789
Server A Started @ 2021-06-30 16:20:54,902
Server A Started @ 2021-06-30 16:22:09,035
Report Suspicious Vehicle sent to controller @ 2021-06-30 16:23:15,913
Report Accident sent to controller @ 2021-06-30 16:24:28,040
Server B Started @ 2021-06-30 16:26:47,988
Server B Started @ 2021-06-30 16:27:36,856
Report Accident sent to controller @ 2021-06-30 16:30:11,856
Report Suspicious Vehicle sent to controller @ 2021-06-30 16:32:52,867
Server B Started @ 2021-07-01 00:02:54,825
Report Suspicious Vehicle sent to controller @ 2021-07-01 00:05:30,834
Failed to communicate with Junction Controller @ 2021-07-01 00:05:34,914
Server B Started @ 2021-07-01 00:07:42,829
Report Suspicious Vehicle sent to controller @ 2021-07-01 00:09:53,834
Report Suspicious Vehicle sent to controller @ 2021-07-01 00:12:44,843
Report Accident sent to controller @ 2021-07-01 00:15:06,853
Server B Started @ 2021-07-01 00:17:10,381
Report Accident sent to controller @ 2021-07-01 00:18:58,387
Report Suspicious Vehicle sent to controller @ 2021-07-01 00:20:47,402
Server B Started @ 2021-07-01 00:22:13,544
Server B Started @ 2021-07-01 00:23:19,397
Failed to communicate with Junction Controller @ 2021-07-01 00:25:05,779
Server B Started @ 2021-07-01 00:25:51,784
Report Accident sent to controller @ 2021-07-01 00:28:45,791
Failed to communicate with Junction Controller @ 2021-07-01 00:28:49,859
Server B Started @ 2021-07-01 00:29:56,328
Report Accident sent to controller @ 2021-07-01 00:31:41,345
Server B Started @ 2021-07-01 00:32:01,301
Report Suspicious Vehicle sent to controller @ 2021-07-01 00:33:34,306
Report Suspicious Vehicle sent to controller @ 2021-07-01 00:35:41,323
Report Suspicious Vehicle sent to controller @ 2021-07-01 00:38:33,339
Report Suspicious Vehicle sent to controller @ 2021-07-01 00:40:22,341
Server B Started @ 2021-07-01 00:42:48,452
Report Accident sent to controller @ 2021-07-01 00:44:30,468
Server B Started @ 2021-07-01 00:46:09,441
Report Accident sent to controller @ 2021-07-01 00:47:55,454
Report Suspicious Vehicle sent to controller @ 2021-07-01 00:49:45,464
Report Accident sent to controller @ 2021-07-01 00:51:41,479
Server B Started @ 2021-07-01 20:09:55,029
Server B Started @ 2021-07-01 20:11:45,435
Server B Started @ 2021-07-01 20:13:13,516
Server B Started @ 2021-07-01 20:14:46,015
Server B Started @ 2021-07-01 20:19:53,334
Server B Started @ 2021-07-01 20:21:21,857
Server B Started @ 2021-07-01 20:21:51,278
Server B Started @ 2021-07-01 20:23:43,857
Report Suspicious Vehicle sent to controller @ 2021-07-01 20:26:22,862
Server B Started @ 2021-07-01 20:32:23,200
Server B Started @ 2021-07-01 20:33:28,956
Server A Started @ 2021-07-01 20:34:36,970
Server A Started @ 2021-07-01 20:34:44,292
Server A Started @ 2021-07-01 20:36:01,001
Server A Started @ 2021-07-01 20:37:11,189
Exception calling application: name 'logOutDir' is not defined @ 2021-07-01 20:37:16,679
Traceback (most recent call last):
  File "C:\Users\Vincent\AppData\Local\Programs\Python\Python39\lib\site-packages\grpc\_server.py", line 444, in _call_behavior
    response_or_iterator = behavior(argument, context)
  File "C:\Users\Vincent\Documents\GitHub\cloudRPC\Cloud_Prototype\JunctionA\communicator.py", line 94, in getLogs
    return assignment_prototype_pb2.logResponse(Content = dataContent,filename = logOutDir)
NameError: name 'logOutDir' is not defined
Server A Started @ 2021-07-01 20:38:19,615
Report Suspicious Vehicle sent to controller @ 2021-07-01 20:41:08,623
Server A Started @ 2021-07-01 20:42:30,931
Server A Started @ 2021-07-01 20:49:33,277
Server A Started @ 2021-07-01 20:51:50,213
Server A Started @ 2021-07-01 20:52:39,985

Server C Started @ 2021-06-30 08:30:54,850
Report Suspicious Vehicle sent to controller @ 2021-06-30 08:33:36,856
Server C Started @ 2021-06-30 14:18:38,938
Server A Started @ 2021-06-30 16:30:15,373
Server A Started @ 2021-06-30 16:34:08,381
Report Suspicious Vehicle sent to controller @ 2021-06-30 16:36:35,383
Server A Started @ 2021-07-01 00:02:54,818
Report Suspicious Vehicle sent to controller @ 2021-07-01 00:04:46,830
Failed to communicate with Junction Controller @ 2021-07-01 00:04:50,928
Server A Started @ 2021-07-01 00:07:42,870
Report Accident sent to controller @ 2021-07-01 00:10:35,872
Report Accident sent to controller @ 2021-07-01 00:13:21,883
Report Suspicious Vehicle sent to controller @ 2021-07-01 00:15:10,899
Server A Started @ 2021-07-01 00:17:10,387
Report Suspicious Vehicle sent to controller @ 2021-07-01 00:19:55,395
Server A Started @ 2021-07-01 00:22:13,543
Server A Started @ 2021-07-01 00:23:19,397
Failed to communicate with Junction Controller @ 2021-07-01 00:25:05,778
Server A Started @ 2021-07-01 00:25:51,782
Report Suspicious Vehicle sent to controller @ 2021-07-01 00:28:09,798
Failed to communicate with Junction Controller @ 2021-07-01 00:28:13,885
Server A Started @ 2021-07-01 00:29:56,335
Server A Started @ 2021-07-01 00:32:01,300
Report Accident sent to controller @ 2021-07-01 00:34:56,304
Report Suspicious Vehicle sent to controller @ 2021-07-01 00:36:54,319
Report Suspicious Vehicle sent to controller @ 2021-07-01 00:39:43,332
Report Accident sent to controller @ 2021-07-01 00:42:10,348
Server A Started @ 2021-07-01 00:42:48,440
Report Accident sent to controller @ 2021-07-01 00:45:08,443
Server A Started @ 2021-07-01 00:46:09,441
Report Accident sent to controller @ 2021-07-01 00:48:10,453
Report Suspicious Vehicle sent to controller @ 2021-07-01 00:50:43,469
Server A Started @ 2021-07-01 20:09:55,029
Server A Started @ 2021-07-01 20:11:45,434
Server A Started @ 2021-07-01 20:13:13,509
Server A Started @ 2021-07-01 20:14:46,013
Server A Started @ 2021-07-01 20:19:53,334
Server A Started @ 2021-07-01 20:21:21,851
Server A Started @ 2021-07-01 20:21:51,270
Server A Started @ 2021-07-01 20:23:43,857
Report Suspicious Vehicle sent to controller @ 2021-07-01 20:26:15,870
Server A Started @ 2021-07-01 20:32:23,201
Server A Started @ 2021-07-01 20:33:28,957
Server A Started @ 2021-07-01 20:34:36,985
Server A Started @ 2021-07-01 20:34:44,286
Server A Started @ 2021-07-01 20:36:01,001
Server A Started @ 2021-07-01 20:37:11,177
Exception calling application: name 'logOutDir' is not defined @ 2021-07-01 20:37:16,683
Traceback (most recent call last):
  File "C:\Users\Vincent\AppData\Local\Programs\Python\Python39\lib\site-packages\grpc\_server.py", line 444, in _call_behavior
    response_or_iterator = behavior(argument, context)
  File "C:\Users\Vincent\Documents\GitHub\cloudRPC\Cloud_Prototype\JunctionA\communicator.py", line 94, in getLogs
    return assignment_prototype_pb2.logResponse(Content = dataContent,filename = logOutDir)
NameError: name 'logOutDir' is not defined
Server A Started @ 2021-07-01 20:38:19,624
Report Accident sent to controller @ 2021-07-01 20:40:27,625
Server A Started @ 2021-07-01 20:42:30,920
Server A Started @ 2021-07-01 20:49:33,260
Server A Started @ 2021-07-01 20:51:50,224
Server A Started @ 2021-07-01 20:52:39,988

Server D Started @ 2021-06-30 08:31:08,765
Report Suspicious Vehicle sent to controller @ 2021-06-30 08:33:55,767
Server A Started @ 2021-06-30 16:30:22,411
Report Suspicious Vehicle sent to controller @ 2021-06-30 16:32:00,424
Server A Started @ 2021-07-01 00:02:54,818
Report Suspicious Vehicle sent to controller @ 2021-07-01 00:05:51,827
Failed to communicate with Junction Controller @ 2021-07-01 00:05:55,898
Server A Started @ 2021-07-01 00:07:42,877
Report Accident sent to controller @ 2021-07-01 00:10:21,883
Report Accident sent to controller @ 2021-07-01 00:12:26,889
Report Accident sent to controller @ 2021-07-01 00:14:08,893
Report Suspicious Vehicle sent to controller @ 2021-07-01 00:15:40,898
Server A Started @ 2021-07-01 00:17:10,392
Report Suspicious Vehicle sent to controller @ 2021-07-01 00:20:01,405
Report Accident sent to controller @ 2021-07-01 00:21:52,413
Server A Started @ 2021-07-01 00:22:13,534
Server A Started @ 2021-07-01 00:23:19,397
Failed to communicate with Junction Controller @ 2021-07-01 00:25:05,794
Report Suspicious Vehicle sent to controller @ 2021-07-01 00:25:20,404
Failed to communicate with Junction Controller @ 2021-07-01 00:25:24,497
Server A Started @ 2021-07-01 00:25:51,782
Report Accident sent to controller @ 2021-07-01 00:28:27,781
Failed to communicate with Junction Controller @ 2021-07-01 00:28:31,884
Server A Started @ 2021-07-01 00:29:56,334
Server A Started @ 2021-07-01 00:32:01,300
Report Suspicious Vehicle sent to controller @ 2021-07-01 00:34:57,310
Report Accident sent to controller @ 2021-07-01 00:37:02,324
Report Suspicious Vehicle sent to controller @ 2021-07-01 00:39:41,333
Report Accident sent to controller @ 2021-07-01 00:41:39,342
Server A Started @ 2021-07-01 00:42:48,452
Report Suspicious Vehicle sent to controller @ 2021-07-01 00:44:19,461
Server A Started @ 2021-07-01 00:46:09,442
Report Suspicious Vehicle sent to controller @ 2021-07-01 00:47:54,451
Report Suspicious Vehicle sent to controller @ 2021-07-01 00:50:09,467
Server A Started @ 2021-07-01 20:09:55,029
Server A Started @ 2021-07-01 20:11:45,435
Server A Started @ 2021-07-01 20:13:13,508
Server A Started @ 2021-07-01 20:14:46,026
Server A Started @ 2021-07-01 20:19:53,334
Server A Started @ 2021-07-01 20:21:21,841
Server A Started @ 2021-07-01 20:21:51,273
Server A Started @ 2021-07-01 20:23:43,854
Report Accident sent to controller @ 2021-07-01 20:25:57,867
Server A Started @ 2021-07-01 20:32:23,201
Server A Started @ 2021-07-01 20:33:28,967
Server A Started @ 2021-07-01 20:34:36,981
Server A Started @ 2021-07-01 20:34:44,286
Server A Started @ 2021-07-01 20:36:01,003
Server A Started @ 2021-07-01 20:37:11,180
Exception calling application: name 'logOutDir' is not defined @ 2021-07-01 20:37:16,686
Traceback (most recent call last):
  File "C:\Users\Vincent\AppData\Local\Programs\Python\Python39\lib\site-packages\grpc\_server.py", line 444, in _call_behavior
    response_or_iterator = behavior(argument, context)
  File "C:\Users\Vincent\Documents\GitHub\cloudRPC\Cloud_Prototype\JunctionA\communicator.py", line 94, in getLogs
    return assignment_prototype_pb2.logResponse(Content = dataContent,filename = logOutDir)
NameError: name 'logOutDir' is not defined
Server A Started @ 2021-07-01 20:38:19,625
Report Accident sent to controller @ 2021-07-01 20:41:01,632
Server A Started @ 2021-07-01 20:42:30,926
Server A Started @ 2021-07-01 20:49:33,277
Server A Started @ 2021-07-01 20:51:50,232
Server A Started @ 2021-07-01 20:52:39,985
