Server B Started @ 2021-06-30 08:30:33,899
Report Suspicious Vehicle sent to controller @ 2021-06-30 08:32:45,906
Server B Started @ 2021-06-30 16:19:36,789
Server A Started @ 2021-06-30 16:20:54,902
Server A Started @ 2021-06-30 16:22:09,035
Report Suspicious Vehicle sent to controller @ 2021-06-30 16:23:15,913
Report Accident sent to controller @ 2021-06-30 16:24:28,040
Server B Started @ 2021-06-30 16:26:47,988
Server B Started @ 2021-06-30 16:27:36,856
Report Accident sent to controller @ 2021-06-30 16:30:11,856
Report Suspicious Vehicle sent to controller @ 2021-06-30 16:32:52,867
Server B Started @ 2021-07-01 00:02:54,825
Report Suspicious Vehicle sent to controller @ 2021-07-01 00:05:30,834
Failed to communicate with Junction Controller @ 2021-07-01 00:05:34,914
Server B Started @ 2021-07-01 00:07:42,829
Report Suspicious Vehicle sent to controller @ 2021-07-01 00:09:53,834
Report Suspicious Vehicle sent to controller @ 2021-07-01 00:12:44,843
Report Accident sent to controller @ 2021-07-01 00:15:06,853
Server B Started @ 2021-07-01 00:17:10,381
Report Accident sent to controller @ 2021-07-01 00:18:58,387
Report Suspicious Vehicle sent to controller @ 2021-07-01 00:20:47,402
Server B Started @ 2021-07-01 00:22:13,544
Server B Started @ 2021-07-01 00:23:19,397
Failed to communicate with Junction Controller @ 2021-07-01 00:25:05,779
Server B Started @ 2021-07-01 00:25:51,784
Report Accident sent to controller @ 2021-07-01 00:28:45,791
Failed to communicate with Junction Controller @ 2021-07-01 00:28:49,859
Server B Started @ 2021-07-01 00:29:56,328
Report Accident sent to controller @ 2021-07-01 00:31:41,345
Server B Started @ 2021-07-01 00:32:01,301
Report Suspicious Vehicle sent to controller @ 2021-07-01 00:33:34,306
Report Suspicious Vehicle sent to controller @ 2021-07-01 00:35:41,323
Report Suspicious Vehicle sent to controller @ 2021-07-01 00:38:33,339
Report Suspicious Vehicle sent to controller @ 2021-07-01 00:40:22,341
Server B Started @ 2021-07-01 00:42:48,452
Report Accident sent to controller @ 2021-07-01 00:44:30,468
Server B Started @ 2021-07-01 00:46:09,441
Report Accident sent to controller @ 2021-07-01 00:47:55,454
Report Suspicious Vehicle sent to controller @ 2021-07-01 00:49:45,464
Report Accident sent to controller @ 2021-07-01 00:51:41,479
Server B Started @ 2021-07-01 20:09:55,029
Server B Started @ 2021-07-01 20:11:45,435
Server B Started @ 2021-07-01 20:13:13,516
Server B Started @ 2021-07-01 20:14:46,015
Server B Started @ 2021-07-01 20:19:53,334
Server B Started @ 2021-07-01 20:21:21,857
Server B Started @ 2021-07-01 20:21:51,278
Server B Started @ 2021-07-01 20:23:43,857
Report Suspicious Vehicle sent to controller @ 2021-07-01 20:26:22,862
Server B Started @ 2021-07-01 20:32:23,200
Server B Started @ 2021-07-01 20:33:28,956
Server A Started @ 2021-07-01 20:34:36,970
Server A Started @ 2021-07-01 20:34:44,292
Server A Started @ 2021-07-01 20:36:01,001
Server A Started @ 2021-07-01 20:37:11,189
Exception calling application: name 'logOutDir' is not defined @ 2021-07-01 20:37:16,679
Traceback (most recent call last):
  File "C:\Users\Vincent\AppData\Local\Programs\Python\Python39\lib\site-packages\grpc\_server.py", line 444, in _call_behavior
    response_or_iterator = behavior(argument, context)
  File "C:\Users\Vincent\Documents\GitHub\cloudRPC\Cloud_Prototype\JunctionA\communicator.py", line 94, in getLogs
    return assignment_prototype_pb2.logResponse(Content = dataContent,filename = logOutDir)
NameError: name 'logOutDir' is not defined
Server A Started @ 2021-07-01 20:38:19,615
Report Suspicious Vehicle sent to controller @ 2021-07-01 20:41:08,623
Server A Started @ 2021-07-01 20:42:30,931
Server A Started @ 2021-07-01 20:49:33,277
Server A Started @ 2021-07-01 20:51:50,213
Server A Started @ 2021-07-01 20:52:39,985
Server A Started @ 2021-07-01 20:53:38,387
Server A Started @ 2021-07-01 20:58:09,912
