Server C Started @ 2021-06-30 08:30:54,850
Report Suspicious Vehicle sent to controller @ 2021-06-30 08:33:36,856
Server C Started @ 2021-06-30 14:18:38,938
Server A Started @ 2021-06-30 16:30:15,373
Server A Started @ 2021-06-30 16:34:08,381
Report Suspicious Vehicle sent to controller @ 2021-06-30 16:36:35,383
Server A Started @ 2021-07-01 00:02:54,818
Report Suspicious Vehicle sent to controller @ 2021-07-01 00:04:46,830
Failed to communicate with Junction Controller @ 2021-07-01 00:04:50,928
Server A Started @ 2021-07-01 00:07:42,870
Report Accident sent to controller @ 2021-07-01 00:10:35,872
Report Accident sent to controller @ 2021-07-01 00:13:21,883
Report Suspicious Vehicle sent to controller @ 2021-07-01 00:15:10,899
Server A Started @ 2021-07-01 00:17:10,387
Report Suspicious Vehicle sent to controller @ 2021-07-01 00:19:55,395
Server A Started @ 2021-07-01 00:22:13,543
Server A Started @ 2021-07-01 00:23:19,397
Failed to communicate with Junction Controller @ 2021-07-01 00:25:05,778
Server A Started @ 2021-07-01 00:25:51,782
Report Suspicious Vehicle sent to controller @ 2021-07-01 00:28:09,798
Failed to communicate with Junction Controller @ 2021-07-01 00:28:13,885
Server A Started @ 2021-07-01 00:29:56,335
Server A Started @ 2021-07-01 00:32:01,300
Report Accident sent to controller @ 2021-07-01 00:34:56,304
Report Suspicious Vehicle sent to controller @ 2021-07-01 00:36:54,319
Report Suspicious Vehicle sent to controller @ 2021-07-01 00:39:43,332
Report Accident sent to controller @ 2021-07-01 00:42:10,348
Server A Started @ 2021-07-01 00:42:48,440
Report Accident sent to controller @ 2021-07-01 00:45:08,443
Server A Started @ 2021-07-01 00:46:09,441
Report Accident sent to controller @ 2021-07-01 00:48:10,453
Report Suspicious Vehicle sent to controller @ 2021-07-01 00:50:43,469
